{
  "RSpec": {
    "coverage": {
      "/Users/finnwilliamson/Projects/pairing-challenges/bookmark-manager/app.rb": {
        "lines": [
          1,
          1,
          null,
          1,
          null,
          1,
          1,
          null,
          null,
          1,
          1,
          1,
          null,
          null,
          1,
          null
        ]
      },
      "/Users/finnwilliamson/Projects/pairing-challenges/bookmark-manager/lib/bookmark.rb": {
        "lines": [
          1,
          null,
          1,
          1,
          null,
          null,
          1,
          null,
          2,
          2,
          10,
          null,
          null,
          null
        ]
      },
      "/Users/finnwilliamson/Projects/pairing-challenges/bookmark-manager/spec/bookmark_spec.rb": {
        "lines": [
          1,
          null,
          1,
          null,
          1,
          1,
          1,
          1,
          null,
          null,
          null,
          null
        ]
      },
      "/Users/finnwilliamson/Projects/pairing-challenges/bookmark-manager/spec/features/viewing_bookmarks_spec.rb": {
        "lines": [
          1,
          1,
          1,
          1,
          null,
          null,
          null,
          1,
          1,
          1,
          1,
          1,
          1,
          null,
          null
        ]
      }
    },
    "timestamp": 1618928626
  }
}
