{
  "RSpec": {
    "coverage": {
      "/Users/tiffanyvallo/Makers/Projects/bookmark-manager/app.rb": {
        "lines": [
          1,
          null,
          1,
          null,
          1,
          1,
          null,
          null,
          1,
          null
        ]
      },
      "/Users/tiffanyvallo/Makers/Projects/bookmark-manager/spec/features/viewing_bookmarks_spec.rb": {
        "lines": [
          1,
          1,
          1,
          1,
          null,
          null
        ]
      }
    },
    "timestamp": 1618846964
  }
}
